<?xml version="1.0" encoding="UTF-8"?>
<!-- Generated by org.testng.reporters.JUnitReportReporter -->
<testsuite skipped="0" hostname="Maktum-PC" name="keyword.driven.framework.Driven" tests="1" failures="0" timestamp="12 May 2018 04:34:44 GMT" time="2.185" errors="0">
  <testcase name="f" time="2.185" classname="keyword.driven.framework.Driven"/>
</testsuite> <!-- keyword.driven.framework.Driven -->
